c:\users\lucas\documents\facom\cg-p1\cg-master-54b1b4fd2612efea4a60dafeb04a102a28705491\cg\common\lib\cg.pdb
c:\users\lucas\documents\facom\cg-p1\cg-master-54b1b4fd2612efea4a60dafeb04a102a28705491\cg\common\build\vs2019\x64\release\gl3w.obj
c:\users\lucas\documents\facom\cg-p1\cg-master-54b1b4fd2612efea4a60dafeb04a102a28705491\cg\common\build\vs2019\x64\release\trianglemesh.obj
c:\users\lucas\documents\facom\cg-p1\cg-master-54b1b4fd2612efea4a60dafeb04a102a28705491\cg\common\build\vs2019\x64\release\nameableobject.obj
c:\users\lucas\documents\facom\cg-p1\cg-master-54b1b4fd2612efea4a60dafeb04a102a28705491\cg\common\build\vs2019\x64\release\meshsweeper.obj
c:\users\lucas\documents\facom\cg-p1\cg-master-54b1b4fd2612efea4a60dafeb04a102a28705491\cg\common\build\vs2019\x64\release\meshreader.obj
c:\users\lucas\documents\facom\cg-p1\cg-master-54b1b4fd2612efea4a60dafeb04a102a28705491\cg\common\build\vs2019\x64\release\glwindow.obj
c:\users\lucas\documents\facom\cg-p1\cg-master-54b1b4fd2612efea4a60dafeb04a102a28705491\cg\common\build\vs2019\x64\release\glprogram.obj
c:\users\lucas\documents\facom\cg-p1\cg-master-54b1b4fd2612efea4a60dafeb04a102a28705491\cg\common\build\vs2019\x64\release\glgraphicsbase.obj
c:\users\lucas\documents\facom\cg-p1\cg-master-54b1b4fd2612efea4a60dafeb04a102a28705491\cg\common\build\vs2019\x64\release\glgraphics3.obj
c:\users\lucas\documents\facom\cg-p1\cg-master-54b1b4fd2612efea4a60dafeb04a102a28705491\cg\common\build\vs2019\x64\release\color.obj
c:\users\lucas\documents\facom\cg-p1\cg-master-54b1b4fd2612efea4a60dafeb04a102a28705491\cg\common\build\vs2019\x64\release\view3.obj
c:\users\lucas\documents\facom\cg-p1\cg-master-54b1b4fd2612efea4a60dafeb04a102a28705491\cg\common\build\vs2019\x64\release\image.obj
c:\users\lucas\documents\facom\cg-p1\cg-master-54b1b4fd2612efea4a60dafeb04a102a28705491\cg\common\build\vs2019\x64\release\glimage.obj
c:\users\lucas\documents\facom\cg-p1\cg-master-54b1b4fd2612efea4a60dafeb04a102a28705491\cg\common\build\vs2019\x64\release\application.obj
c:\users\lucas\documents\facom\cg-p1\cg-master-54b1b4fd2612efea4a60dafeb04a102a28705491\cg\common\build\vs2019\x64\release\imgui_widgets.obj
c:\users\lucas\documents\facom\cg-p1\cg-master-54b1b4fd2612efea4a60dafeb04a102a28705491\cg\common\build\vs2019\x64\release\imgui_tables.obj
c:\users\lucas\documents\facom\cg-p1\cg-master-54b1b4fd2612efea4a60dafeb04a102a28705491\cg\common\build\vs2019\x64\release\imgui_impl_opengl3.obj
c:\users\lucas\documents\facom\cg-p1\cg-master-54b1b4fd2612efea4a60dafeb04a102a28705491\cg\common\build\vs2019\x64\release\imgui_impl_glfw.obj
c:\users\lucas\documents\facom\cg-p1\cg-master-54b1b4fd2612efea4a60dafeb04a102a28705491\cg\common\build\vs2019\x64\release\imgui_draw.obj
c:\users\lucas\documents\facom\cg-p1\cg-master-54b1b4fd2612efea4a60dafeb04a102a28705491\cg\common\build\vs2019\x64\release\imgui.obj
c:\users\lucas\documents\facom\cg-p1\cg-master-54b1b4fd2612efea4a60dafeb04a102a28705491\cg\common\lib\cg.lib
c:\users\lucas\documents\facom\cg-p1\cg-master-54b1b4fd2612efea4a60dafeb04a102a28705491\cg\common\build\vs2019\x64\release\cg.tlog\cl.command.1.tlog
c:\users\lucas\documents\facom\cg-p1\cg-master-54b1b4fd2612efea4a60dafeb04a102a28705491\cg\common\build\vs2019\x64\release\cg.tlog\cl.read.1.tlog
c:\users\lucas\documents\facom\cg-p1\cg-master-54b1b4fd2612efea4a60dafeb04a102a28705491\cg\common\build\vs2019\x64\release\cg.tlog\cl.write.1.tlog
c:\users\lucas\documents\facom\cg-p1\cg-master-54b1b4fd2612efea4a60dafeb04a102a28705491\cg\common\build\vs2019\x64\release\cg.tlog\lib-link.read.1.tlog
c:\users\lucas\documents\facom\cg-p1\cg-master-54b1b4fd2612efea4a60dafeb04a102a28705491\cg\common\build\vs2019\x64\release\cg.tlog\lib-link.write.1.tlog
c:\users\lucas\documents\facom\cg-p1\cg-master-54b1b4fd2612efea4a60dafeb04a102a28705491\cg\common\build\vs2019\x64\release\cg.tlog\lib.command.1.tlog
