c:\users\lucas\documents\facom\cg-p1\cg-master-54b1b4fd2612efea4a60dafeb04a102a28705491\cg\common\lib\cgd.pdb
c:\users\lucas\documents\facom\cg-p1\cg-master-54b1b4fd2612efea4a60dafeb04a102a28705491\cg\common\lib\cgd.idb
c:\users\lucas\documents\facom\cg-p1\cg-master-54b1b4fd2612efea4a60dafeb04a102a28705491\cg\common\build\vs2019\x64\debug\gl3w.obj
c:\users\lucas\documents\facom\cg-p1\cg-master-54b1b4fd2612efea4a60dafeb04a102a28705491\cg\common\build\vs2019\x64\debug\trianglemesh.obj
c:\users\lucas\documents\facom\cg-p1\cg-master-54b1b4fd2612efea4a60dafeb04a102a28705491\cg\common\build\vs2019\x64\debug\nameableobject.obj
c:\users\lucas\documents\facom\cg-p1\cg-master-54b1b4fd2612efea4a60dafeb04a102a28705491\cg\common\build\vs2019\x64\debug\meshsweeper.obj
c:\users\lucas\documents\facom\cg-p1\cg-master-54b1b4fd2612efea4a60dafeb04a102a28705491\cg\common\build\vs2019\x64\debug\meshreader.obj
c:\users\lucas\documents\facom\cg-p1\cg-master-54b1b4fd2612efea4a60dafeb04a102a28705491\cg\common\build\vs2019\x64\debug\glwindow.obj
c:\users\lucas\documents\facom\cg-p1\cg-master-54b1b4fd2612efea4a60dafeb04a102a28705491\cg\common\build\vs2019\x64\debug\glprogram.obj
c:\users\lucas\documents\facom\cg-p1\cg-master-54b1b4fd2612efea4a60dafeb04a102a28705491\cg\common\build\vs2019\x64\debug\glgraphicsbase.obj
c:\users\lucas\documents\facom\cg-p1\cg-master-54b1b4fd2612efea4a60dafeb04a102a28705491\cg\common\build\vs2019\x64\debug\glgraphics3.obj
c:\users\lucas\documents\facom\cg-p1\cg-master-54b1b4fd2612efea4a60dafeb04a102a28705491\cg\common\build\vs2019\x64\debug\color.obj
c:\users\lucas\documents\facom\cg-p1\cg-master-54b1b4fd2612efea4a60dafeb04a102a28705491\cg\common\build\vs2019\x64\debug\view3.obj
c:\users\lucas\documents\facom\cg-p1\cg-master-54b1b4fd2612efea4a60dafeb04a102a28705491\cg\common\build\vs2019\x64\debug\image.obj
c:\users\lucas\documents\facom\cg-p1\cg-master-54b1b4fd2612efea4a60dafeb04a102a28705491\cg\common\build\vs2019\x64\debug\glimage.obj
c:\users\lucas\documents\facom\cg-p1\cg-master-54b1b4fd2612efea4a60dafeb04a102a28705491\cg\common\build\vs2019\x64\debug\application.obj
c:\users\lucas\documents\facom\cg-p1\cg-master-54b1b4fd2612efea4a60dafeb04a102a28705491\cg\common\build\vs2019\x64\debug\imgui_widgets.obj
c:\users\lucas\documents\facom\cg-p1\cg-master-54b1b4fd2612efea4a60dafeb04a102a28705491\cg\common\build\vs2019\x64\debug\imgui_tables.obj
c:\users\lucas\documents\facom\cg-p1\cg-master-54b1b4fd2612efea4a60dafeb04a102a28705491\cg\common\build\vs2019\x64\debug\imgui_impl_opengl3.obj
c:\users\lucas\documents\facom\cg-p1\cg-master-54b1b4fd2612efea4a60dafeb04a102a28705491\cg\common\build\vs2019\x64\debug\imgui_impl_glfw.obj
c:\users\lucas\documents\facom\cg-p1\cg-master-54b1b4fd2612efea4a60dafeb04a102a28705491\cg\common\build\vs2019\x64\debug\imgui_draw.obj
c:\users\lucas\documents\facom\cg-p1\cg-master-54b1b4fd2612efea4a60dafeb04a102a28705491\cg\common\build\vs2019\x64\debug\imgui.obj
c:\users\lucas\documents\facom\cg-p1\cg-master-54b1b4fd2612efea4a60dafeb04a102a28705491\cg\common\lib\cgd.lib
c:\users\lucas\documents\facom\cg-p1\cg-master-54b1b4fd2612efea4a60dafeb04a102a28705491\cg\common\build\vs2019\x64\debug\cg.tlog\cl.command.1.tlog
c:\users\lucas\documents\facom\cg-p1\cg-master-54b1b4fd2612efea4a60dafeb04a102a28705491\cg\common\build\vs2019\x64\debug\cg.tlog\cl.read.1.tlog
c:\users\lucas\documents\facom\cg-p1\cg-master-54b1b4fd2612efea4a60dafeb04a102a28705491\cg\common\build\vs2019\x64\debug\cg.tlog\cl.write.1.tlog
c:\users\lucas\documents\facom\cg-p1\cg-master-54b1b4fd2612efea4a60dafeb04a102a28705491\cg\common\build\vs2019\x64\debug\cg.tlog\lib-link.read.1.tlog
c:\users\lucas\documents\facom\cg-p1\cg-master-54b1b4fd2612efea4a60dafeb04a102a28705491\cg\common\build\vs2019\x64\debug\cg.tlog\lib-link.write.1.tlog
c:\users\lucas\documents\facom\cg-p1\cg-master-54b1b4fd2612efea4a60dafeb04a102a28705491\cg\common\build\vs2019\x64\debug\cg.tlog\lib.command.1.tlog
